This file contains any messages produced by compilers while
running configure, to aid debugging if configure makes a mistake.

It was created by SkyEye configure 1.2.6, which was
generated by GNU Autoconf 2.61.  Invocation command line was

  $ ./configure 

## --------- ##
## Platform. ##
## --------- ##

hostname = peter-System-Product-Name
uname -m = x86_64
uname -r = 4.2.0-36-generic
uname -s = Linux
uname -v = #42~14.04.1-Ubuntu SMP Fri May 13 17:27:22 UTC 2016

/usr/bin/uname -p = unknown
/bin/uname -X     = unknown

/bin/arch              = unknown
/usr/bin/arch -k       = unknown
/usr/convex/getsysinfo = unknown
/usr/bin/hostinfo      = unknown
/bin/machine           = unknown
/usr/bin/oslevel       = unknown
/bin/universe          = unknown

PATH: /usr/local/sbin
PATH: /usr/local/bin
PATH: /usr/sbin
PATH: /usr/bin
PATH: /sbin
PATH: /bin
PATH: /usr/games
PATH: /usr/local/games


## ----------- ##
## Core tests. ##
## ----------- ##

configure:1815: checking build system type
configure:1833: result: x86_64-unknown-linux-gnu
configure:1855: checking host system type
configure:1870: result: x86_64-unknown-linux-gnu
configure:1892: checking target system type
configure:1907: result: x86_64-unknown-linux-gnu
configure:1964: checking for a BSD-compatible install
configure:2020: result: /usr/bin/install -c
configure:2031: checking whether build environment is sane
configure:2074: result: yes
configure:2089: checking for a thread-safe mkdir -p
configure:2128: result: /bin/mkdir -p
configure:2141: checking for gawk
configure:2171: result: no
configure:2141: checking for mawk
configure:2157: found /usr/bin/mawk
configure:2168: result: mawk
configure:2179: checking whether make sets $(MAKE)
configure:2200: result: yes
configure:2459: checking for g++
configure:2475: found /usr/bin/g++
configure:2486: result: g++
configure:2517: checking for C++ compiler version
configure:2524: g++ --version >&5
g++ (Ubuntu 4.8.4-2ubuntu1~14.04.3) 4.8.4
Copyright (C) 2013 Free Software Foundation, Inc.
This is free software; see the source for copying conditions.  There is NO
warranty; not even for MERCHANTABILITY or FITNESS FOR A PARTICULAR PURPOSE.

configure:2527: $? = 0
configure:2534: g++ -v >&5
Using built-in specs.
COLLECT_GCC=g++
COLLECT_LTO_WRAPPER=/usr/lib/gcc/x86_64-linux-gnu/4.8/lto-wrapper
Target: x86_64-linux-gnu
Configured with: ../src/configure -v --with-pkgversion='Ubuntu 4.8.4-2ubuntu1~14.04.3' --with-bugurl=file:///usr/share/doc/gcc-4.8/README.Bugs --enable-languages=c,c++,java,go,d,fortran,objc,obj-c++ --prefix=/usr --program-suffix=-4.8 --enable-shared --enable-linker-build-id --libexecdir=/usr/lib --without-included-gettext --enable-threads=posix --with-gxx-include-dir=/usr/include/c++/4.8 --libdir=/usr/lib --enable-nls --with-sysroot=/ --enable-clocale=gnu --enable-libstdcxx-debug --enable-libstdcxx-time=yes --enable-gnu-unique-object --disable-libmudflap --enable-plugin --with-system-zlib --disable-browser-plugin --enable-java-awt=gtk --enable-gtk-cairo --with-java-home=/usr/lib/jvm/java-1.5.0-gcj-4.8-amd64/jre --enable-java-home --with-jvm-root-dir=/usr/lib/jvm/java-1.5.0-gcj-4.8-amd64 --with-jvm-jar-dir=/usr/lib/jvm-exports/java-1.5.0-gcj-4.8-amd64 --with-arch-directory=amd64 --with-ecj-jar=/usr/share/java/eclipse-ecj.jar --enable-objc-gc --enable-multiarch --disable-werror --with-arch-32=i686 --with-abi=m64 --with-multilib-list=m32,m64,mx32 --with-tune=generic --enable-checking=release --build=x86_64-linux-gnu --host=x86_64-linux-gnu --target=x86_64-linux-gnu
Thread model: posix
gcc version 4.8.4 (Ubuntu 4.8.4-2ubuntu1~14.04.3) 
configure:2537: $? = 0
configure:2544: g++ -V >&5
g++: error: unrecognized command line option '-V'
g++: fatal error: no input files
compilation terminated.
configure:2547: $? = 4
configure:2570: checking for C++ compiler default output file name
configure:2597: g++    conftest.cpp  >&5
configure:2600: $? = 0
configure:2638: result: a.out
configure:2655: checking whether the C++ compiler works
configure:2665: ./a.out
configure:2668: $? = 0
configure:2685: result: yes
configure:2692: checking whether we are cross compiling
configure:2694: result: no
configure:2697: checking for suffix of executables
configure:2704: g++ -o conftest    conftest.cpp  >&5
configure:2707: $? = 0
configure:2731: result: 
configure:2737: checking for suffix of object files
configure:2763: g++ -c   conftest.cpp >&5
configure:2766: $? = 0
configure:2789: result: o
configure:2793: checking whether we are using the GNU C++ compiler
configure:2822: g++ -c   conftest.cpp >&5
configure:2828: $? = 0
configure:2845: result: yes
configure:2850: checking whether g++ accepts -g
configure:2880: g++ -c -g  conftest.cpp >&5
configure:2886: $? = 0
configure:2985: result: yes
configure:3019: checking for style of include used by make
configure:3047: result: GNU
configure:3072: checking dependency style of g++
configure:3163: result: gcc3
configure:3182: checking for gawk
configure:3209: result: mawk
configure:3268: checking for gcc
configure:3284: found /usr/bin/gcc
configure:3295: result: gcc
configure:3533: checking for C compiler version
configure:3540: gcc --version >&5
gcc (Ubuntu 4.8.4-2ubuntu1~14.04.3) 4.8.4
Copyright (C) 2013 Free Software Foundation, Inc.
This is free software; see the source for copying conditions.  There is NO
warranty; not even for MERCHANTABILITY or FITNESS FOR A PARTICULAR PURPOSE.

configure:3543: $? = 0
configure:3550: gcc -v >&5
Using built-in specs.
COLLECT_GCC=gcc
COLLECT_LTO_WRAPPER=/usr/lib/gcc/x86_64-linux-gnu/4.8/lto-wrapper
Target: x86_64-linux-gnu
Configured with: ../src/configure -v --with-pkgversion='Ubuntu 4.8.4-2ubuntu1~14.04.3' --with-bugurl=file:///usr/share/doc/gcc-4.8/README.Bugs --enable-languages=c,c++,java,go,d,fortran,objc,obj-c++ --prefix=/usr --program-suffix=-4.8 --enable-shared --enable-linker-build-id --libexecdir=/usr/lib --without-included-gettext --enable-threads=posix --with-gxx-include-dir=/usr/include/c++/4.8 --libdir=/usr/lib --enable-nls --with-sysroot=/ --enable-clocale=gnu --enable-libstdcxx-debug --enable-libstdcxx-time=yes --enable-gnu-unique-object --disable-libmudflap --enable-plugin --with-system-zlib --disable-browser-plugin --enable-java-awt=gtk --enable-gtk-cairo --with-java-home=/usr/lib/jvm/java-1.5.0-gcj-4.8-amd64/jre --enable-java-home --with-jvm-root-dir=/usr/lib/jvm/java-1.5.0-gcj-4.8-amd64 --with-jvm-jar-dir=/usr/lib/jvm-exports/java-1.5.0-gcj-4.8-amd64 --with-arch-directory=amd64 --with-ecj-jar=/usr/share/java/eclipse-ecj.jar --enable-objc-gc --enable-multiarch --disable-werror --with-arch-32=i686 --with-abi=m64 --with-multilib-list=m32,m64,mx32 --with-tune=generic --enable-checking=release --build=x86_64-linux-gnu --host=x86_64-linux-gnu --target=x86_64-linux-gnu
Thread model: posix
gcc version 4.8.4 (Ubuntu 4.8.4-2ubuntu1~14.04.3) 
configure:3553: $? = 0
configure:3560: gcc -V >&5
gcc: error: unrecognized command line option '-V'
gcc: fatal error: no input files
compilation terminated.
configure:3563: $? = 4
configure:3566: checking whether we are using the GNU C compiler
configure:3595: gcc -c   conftest.c >&5
configure:3601: $? = 0
configure:3618: result: yes
configure:3623: checking whether gcc accepts -g
configure:3653: gcc -c -g  conftest.c >&5
configure:3659: $? = 0
configure:3758: result: yes
configure:3775: checking for gcc option to accept ISO C89
configure:3849: gcc  -c -g -O2  conftest.c >&5
configure:3855: $? = 0
configure:3878: result: none needed
configure:3898: checking dependency style of gcc
configure:3989: result: gcc3
configure:4004: checking whether make sets $(MAKE)
configure:4025: result: yes
configure:4039: checking how to run the C preprocessor
configure:4079: gcc -E  conftest.c
configure:4085: $? = 0
configure:4116: gcc -E  conftest.c
conftest.c:10:28: fatal error: ac_nonexistent.h: No such file or directory
 #include <ac_nonexistent.h>
                            ^
compilation terminated.
configure:4122: $? = 1
configure: failed program was:
| /* confdefs.h.  */
| #define PACKAGE_NAME "SkyEye"
| #define PACKAGE_TARNAME "skyeye"
| #define PACKAGE_VERSION "1.2.6"
| #define PACKAGE_STRING "SkyEye 1.2.6"
| #define PACKAGE_BUGREPORT "skyeye-developer@lists.gro.clinux.org"
| #define PACKAGE "skyeye"
| #define VERSION "1.2.6"
| /* end confdefs.h.  */
| #include <ac_nonexistent.h>
configure:4155: result: gcc -E
configure:4184: gcc -E  conftest.c
configure:4190: $? = 0
configure:4221: gcc -E  conftest.c
conftest.c:10:28: fatal error: ac_nonexistent.h: No such file or directory
 #include <ac_nonexistent.h>
                            ^
compilation terminated.
configure:4227: $? = 1
configure: failed program was:
| /* confdefs.h.  */
| #define PACKAGE_NAME "SkyEye"
| #define PACKAGE_TARNAME "skyeye"
| #define PACKAGE_VERSION "1.2.6"
| #define PACKAGE_STRING "SkyEye 1.2.6"
| #define PACKAGE_BUGREPORT "skyeye-developer@lists.gro.clinux.org"
| #define PACKAGE "skyeye"
| #define VERSION "1.2.6"
| /* end confdefs.h.  */
| #include <ac_nonexistent.h>
configure:4307: checking for ranlib
configure:4323: found /usr/bin/ranlib
configure:4334: result: ranlib
configure:4383: checking for gcc
configure:4402: result: done
configure:4449: checking for pkg-config
configure:4480: result: no
configure:4713: checking for main in -lc
configure:4742: gcc -o conftest -g -O2   conftest.c -lc   >&5
configure:4748: $? = 0
configure:4766: result: yes
configure:4779: checking for main in -liberty
configure:4808: gcc -o conftest -g -O2   conftest.c -liberty  -lc  >&5
/usr/bin/ld: cannot find -liberty
collect2: error: ld returned 1 exit status
configure:4814: $? = 1
configure: failed program was:
| /* confdefs.h.  */
| #define PACKAGE_NAME "SkyEye"
| #define PACKAGE_TARNAME "skyeye"
| #define PACKAGE_VERSION "1.2.6"
| #define PACKAGE_STRING "SkyEye 1.2.6"
| #define PACKAGE_BUGREPORT "skyeye-developer@lists.gro.clinux.org"
| #define PACKAGE "skyeye"
| #define VERSION "1.2.6"
| #define HAVE_LIBC 1
| /* end confdefs.h.  */
| 
| 
| int
| main ()
| {
| return main ();
|   ;
|   return 0;
| }
configure:4832: result: no
configure:4845: checking for main in -lintl
configure:4874: gcc -o conftest -g -O2   conftest.c -lintl  -lc  >&5
/usr/bin/ld: cannot find -lintl
collect2: error: ld returned 1 exit status
configure:4880: $? = 1
configure: failed program was:
| /* confdefs.h.  */
| #define PACKAGE_NAME "SkyEye"
| #define PACKAGE_TARNAME "skyeye"
| #define PACKAGE_VERSION "1.2.6"
| #define PACKAGE_STRING "SkyEye 1.2.6"
| #define PACKAGE_BUGREPORT "skyeye-developer@lists.gro.clinux.org"
| #define PACKAGE "skyeye"
| #define VERSION "1.2.6"
| #define HAVE_LIBC 1
| /* end confdefs.h.  */
| 
| 
| int
| main ()
| {
| return main ();
|   ;
|   return 0;
| }
configure:4898: result: no
configure:4911: checking for main in -lm
configure:4940: gcc -o conftest -g -O2   conftest.c -lm  -lc  >&5
configure:4946: $? = 0
configure:4964: result: yes
configure:4977: checking for main in -ln
configure:5006: gcc -o conftest -g -O2   conftest.c -ln  -lm -lc  >&5
/usr/bin/ld: cannot find -ln
collect2: error: ld returned 1 exit status
configure:5012: $? = 1
configure: failed program was:
| /* confdefs.h.  */
| #define PACKAGE_NAME "SkyEye"
| #define PACKAGE_TARNAME "skyeye"
| #define PACKAGE_VERSION "1.2.6"
| #define PACKAGE_STRING "SkyEye 1.2.6"
| #define PACKAGE_BUGREPORT "skyeye-developer@lists.gro.clinux.org"
| #define PACKAGE "skyeye"
| #define VERSION "1.2.6"
| #define HAVE_LIBC 1
| #define HAVE_LIBM 1
| /* end confdefs.h.  */
| 
| 
| int
| main ()
| {
| return main ();
|   ;
|   return 0;
| }
configure:5030: result: no
configure:5043: checking for bfd_openr in -lbfd
configure:5078: gcc -o conftest -g -O2   conftest.c -lbfd  -lm -lc  >&5
/usr/bin/ld: cannot find -lbfd
collect2: error: ld returned 1 exit status
configure:5084: $? = 1
configure: failed program was:
| /* confdefs.h.  */
| #define PACKAGE_NAME "SkyEye"
| #define PACKAGE_TARNAME "skyeye"
| #define PACKAGE_VERSION "1.2.6"
| #define PACKAGE_STRING "SkyEye 1.2.6"
| #define PACKAGE_BUGREPORT "skyeye-developer@lists.gro.clinux.org"
| #define PACKAGE "skyeye"
| #define VERSION "1.2.6"
| #define HAVE_LIBC 1
| #define HAVE_LIBM 1
| /* end confdefs.h.  */
| 
| /* Override any GCC internal prototype to avoid an error.
|    Use char because int might match the return type of a GCC
|    builtin and then its argument prototype would still apply.  */
| #ifdef __cplusplus
| extern "C"
| #endif
| char bfd_openr ();
| int
| main ()
| {
| return bfd_openr ();
|   ;
|   return 0;
| }
configure:5102: result: no
configure:5114: checking for socket in -lsocket
configure:5149: gcc -o conftest -g -O2   conftest.c -lsocket  -lm -lc  >&5
/usr/bin/ld: cannot find -lsocket
collect2: error: ld returned 1 exit status
configure:5155: $? = 1
configure: failed program was:
| /* confdefs.h.  */
| #define PACKAGE_NAME "SkyEye"
| #define PACKAGE_TARNAME "skyeye"
| #define PACKAGE_VERSION "1.2.6"
| #define PACKAGE_STRING "SkyEye 1.2.6"
| #define PACKAGE_BUGREPORT "skyeye-developer@lists.gro.clinux.org"
| #define PACKAGE "skyeye"
| #define VERSION "1.2.6"
| #define HAVE_LIBC 1
| #define HAVE_LIBM 1
| /* end confdefs.h.  */
| 
| /* Override any GCC internal prototype to avoid an error.
|    Use char because int might match the return type of a GCC
|    builtin and then its argument prototype would still apply.  */
| #ifdef __cplusplus
| extern "C"
| #endif
| char socket ();
| int
| main ()
| {
| return socket ();
|   ;
|   return 0;
| }
configure:5173: result: no
configure:5187: checking for grep that handles long lines and -e
configure:5261: result: /bin/grep
configure:5266: checking for egrep
configure:5344: result: /bin/grep -E
configure:5349: checking for ANSI C header files
configure:5379: gcc -c -g -O2  conftest.c >&5
configure:5385: $? = 0
configure:5484: gcc -o conftest -g -O2   conftest.c -lm -lc  >&5
configure:5487: $? = 0
configure:5493: ./conftest
configure:5496: $? = 0
configure:5513: result: yes
configure:5537: checking for sys/types.h
configure:5558: gcc -c -g -O2  conftest.c >&5
configure:5564: $? = 0
configure:5580: result: yes
configure:5537: checking for sys/stat.h
configure:5558: gcc -c -g -O2  conftest.c >&5
configure:5564: $? = 0
configure:5580: result: yes
configure:5537: checking for stdlib.h
configure:5558: gcc -c -g -O2  conftest.c >&5
configure:5564: $? = 0
configure:5580: result: yes
configure:5537: checking for string.h
configure:5558: gcc -c -g -O2  conftest.c >&5
configure:5564: $? = 0
configure:5580: result: yes
configure:5537: checking for memory.h
configure:5558: gcc -c -g -O2  conftest.c >&5
configure:5564: $? = 0
configure:5580: result: yes
configure:5537: checking for strings.h
configure:5558: gcc -c -g -O2  conftest.c >&5
configure:5564: $? = 0
configure:5580: result: yes
configure:5537: checking for inttypes.h
configure:5558: gcc -c -g -O2  conftest.c >&5
configure:5564: $? = 0
configure:5580: result: yes
configure:5537: checking for stdint.h
configure:5558: gcc -c -g -O2  conftest.c >&5
configure:5564: $? = 0
configure:5580: result: yes
configure:5537: checking for unistd.h
configure:5558: gcc -c -g -O2  conftest.c >&5
configure:5564: $? = 0
configure:5580: result: yes
configure:5623: checking fcntl.h usability
configure:5640: gcc -c -g -O2  conftest.c >&5
configure:5646: $? = 0
configure:5660: result: yes
configure:5664: checking fcntl.h presence
configure:5679: gcc -E  conftest.c
configure:5685: $? = 0
configure:5699: result: yes
configure:5732: checking for fcntl.h
configure:5740: result: yes
configure:5613: checking for inttypes.h
configure:5619: result: yes
configure:5623: checking limits.h usability
configure:5640: gcc -c -g -O2  conftest.c >&5
configure:5646: $? = 0
configure:5660: result: yes
configure:5664: checking limits.h presence
configure:5679: gcc -E  conftest.c
configure:5685: $? = 0
configure:5699: result: yes
configure:5732: checking for limits.h
configure:5740: result: yes
configure:5623: checking locale.h usability
configure:5640: gcc -c -g -O2  conftest.c >&5
configure:5646: $? = 0
configure:5660: result: yes
configure:5664: checking locale.h presence
configure:5679: gcc -E  conftest.c
configure:5685: $? = 0
configure:5699: result: yes
configure:5732: checking for locale.h
configure:5740: result: yes
configure:5623: checking netdb.h usability
configure:5640: gcc -c -g -O2  conftest.c >&5
configure:5646: $? = 0
configure:5660: result: yes
configure:5664: checking netdb.h presence
configure:5679: gcc -E  conftest.c
configure:5685: $? = 0
configure:5699: result: yes
configure:5732: checking for netdb.h
configure:5740: result: yes
configure:5623: checking netinet/in.h usability
configure:5640: gcc -c -g -O2  conftest.c >&5
configure:5646: $? = 0
configure:5660: result: yes
configure:5664: checking netinet/in.h presence
configure:5679: gcc -E  conftest.c
configure:5685: $? = 0
configure:5699: result: yes
configure:5732: checking for netinet/in.h
configure:5740: result: yes
configure:5623: checking stddef.h usability
configure:5640: gcc -c -g -O2  conftest.c >&5
configure:5646: $? = 0
configure:5660: result: yes
configure:5664: checking stddef.h presence
configure:5679: gcc -E  conftest.c
configure:5685: $? = 0
configure:5699: result: yes
configure:5732: checking for stddef.h
configure:5740: result: yes
configure:5613: checking for stdint.h
configure:5619: result: yes
configure:5613: checking for stdlib.h
configure:5619: result: yes
configure:5613: checking for string.h
configure:5619: result: yes
configure:5623: checking sys/file.h usability
configure:5640: gcc -c -g -O2  conftest.c >&5
configure:5646: $? = 0
configure:5660: result: yes
configure:5664: checking sys/file.h presence
configure:5679: gcc -E  conftest.c
configure:5685: $? = 0
configure:5699: result: yes
configure:5732: checking for sys/file.h
configure:5740: result: yes
configure:5623: checking sys/ioctl.h usability
configure:5640: gcc -c -g -O2  conftest.c >&5
configure:5646: $? = 0
configure:5660: result: yes
configure:5664: checking sys/ioctl.h presence
configure:5679: gcc -E  conftest.c
configure:5685: $? = 0
configure:5699: result: yes
configure:5732: checking for sys/ioctl.h
configure:5740: result: yes
configure:5623: checking sys/socket.h usability
configure:5640: gcc -c -g -O2  conftest.c >&5
configure:5646: $? = 0
configure:5660: result: yes
configure:5664: checking sys/socket.h presence
configure:5679: gcc -E  conftest.c
configure:5685: $? = 0
configure:5699: result: yes
configure:5732: checking for sys/socket.h
configure:5740: result: yes
configure:5623: checking sys/time.h usability
configure:5640: gcc -c -g -O2  conftest.c >&5
configure:5646: $? = 0
configure:5660: result: yes
configure:5664: checking sys/time.h presence
configure:5679: gcc -E  conftest.c
configure:5685: $? = 0
configure:5699: result: yes
configure:5732: checking for sys/time.h
configure:5740: result: yes
configure:5623: checking termios.h usability
configure:5640: gcc -c -g -O2  conftest.c >&5
configure:5646: $? = 0
configure:5660: result: yes
configure:5664: checking termios.h presence
configure:5679: gcc -E  conftest.c
configure:5685: $? = 0
configure:5699: result: yes
configure:5732: checking for termios.h
configure:5740: result: yes
configure:5613: checking for unistd.h
configure:5619: result: yes
configure:5623: checking bfd.h usability
configure:5640: gcc -c -g -O2  conftest.c >&5
conftest.c:71:17: fatal error: bfd.h: No such file or directory
 #include <bfd.h>
                 ^
compilation terminated.
configure:5646: $? = 1
configure: failed program was:
| /* confdefs.h.  */
| #define PACKAGE_NAME "SkyEye"
| #define PACKAGE_TARNAME "skyeye"
| #define PACKAGE_VERSION "1.2.6"
| #define PACKAGE_STRING "SkyEye 1.2.6"
| #define PACKAGE_BUGREPORT "skyeye-developer@lists.gro.clinux.org"
| #define PACKAGE "skyeye"
| #define VERSION "1.2.6"
| #define HAVE_LIBC 1
| #define HAVE_LIBM 1
| #define STDC_HEADERS 1
| #define HAVE_SYS_TYPES_H 1
| #define HAVE_SYS_STAT_H 1
| #define HAVE_STDLIB_H 1
| #define HAVE_STRING_H 1
| #define HAVE_MEMORY_H 1
| #define HAVE_STRINGS_H 1
| #define HAVE_INTTYPES_H 1
| #define HAVE_STDINT_H 1
| #define HAVE_UNISTD_H 1
| #define HAVE_FCNTL_H 1
| #define HAVE_INTTYPES_H 1
| #define HAVE_LIMITS_H 1
| #define HAVE_LOCALE_H 1
| #define HAVE_NETDB_H 1
| #define HAVE_NETINET_IN_H 1
| #define HAVE_STDDEF_H 1
| #define HAVE_STDINT_H 1
| #define HAVE_STDLIB_H 1
| #define HAVE_STRING_H 1
| #define HAVE_SYS_FILE_H 1
| #define HAVE_SYS_IOCTL_H 1
| #define HAVE_SYS_SOCKET_H 1
| #define HAVE_SYS_TIME_H 1
| #define HAVE_TERMIOS_H 1
| #define HAVE_UNISTD_H 1
| /* end confdefs.h.  */
| #include <stdio.h>
| #ifdef HAVE_SYS_TYPES_H
| # include <sys/types.h>
| #endif
| #ifdef HAVE_SYS_STAT_H
| # include <sys/stat.h>
| #endif
| #ifdef STDC_HEADERS
| # include <stdlib.h>
| # include <stddef.h>
| #else
| # ifdef HAVE_STDLIB_H
| #  include <stdlib.h>
| # endif
| #endif
| #ifdef HAVE_STRING_H
| # if !defined STDC_HEADERS && defined HAVE_MEMORY_H
| #  include <memory.h>
| # endif
| # include <string.h>
| #endif
| #ifdef HAVE_STRINGS_H
| # include <strings.h>
| #endif
| #ifdef HAVE_INTTYPES_H
| # include <inttypes.h>
| #endif
| #ifdef HAVE_STDINT_H
| # include <stdint.h>
| #endif
| #ifdef HAVE_UNISTD_H
| # include <unistd.h>
| #endif
| #include <bfd.h>
configure:5660: result: no
configure:5664: checking bfd.h presence
configure:5679: gcc -E  conftest.c
conftest.c:38:17: fatal error: bfd.h: No such file or directory
 #include <bfd.h>
                 ^
compilation terminated.
configure:5685: $? = 1
configure: failed program was:
| /* confdefs.h.  */
| #define PACKAGE_NAME "SkyEye"
| #define PACKAGE_TARNAME "skyeye"
| #define PACKAGE_VERSION "1.2.6"
| #define PACKAGE_STRING "SkyEye 1.2.6"
| #define PACKAGE_BUGREPORT "skyeye-developer@lists.gro.clinux.org"
| #define PACKAGE "skyeye"
| #define VERSION "1.2.6"
| #define HAVE_LIBC 1
| #define HAVE_LIBM 1
| #define STDC_HEADERS 1
| #define HAVE_SYS_TYPES_H 1
| #define HAVE_SYS_STAT_H 1
| #define HAVE_STDLIB_H 1
| #define HAVE_STRING_H 1
| #define HAVE_MEMORY_H 1
| #define HAVE_STRINGS_H 1
| #define HAVE_INTTYPES_H 1
| #define HAVE_STDINT_H 1
| #define HAVE_UNISTD_H 1
| #define HAVE_FCNTL_H 1
| #define HAVE_INTTYPES_H 1
| #define HAVE_LIMITS_H 1
| #define HAVE_LOCALE_H 1
| #define HAVE_NETDB_H 1
| #define HAVE_NETINET_IN_H 1
| #define HAVE_STDDEF_H 1
| #define HAVE_STDINT_H 1
| #define HAVE_STDLIB_H 1
| #define HAVE_STRING_H 1
| #define HAVE_SYS_FILE_H 1
| #define HAVE_SYS_IOCTL_H 1
| #define HAVE_SYS_SOCKET_H 1
| #define HAVE_SYS_TIME_H 1
| #define HAVE_TERMIOS_H 1
| #define HAVE_UNISTD_H 1
| /* end confdefs.h.  */
| #include <bfd.h>
configure:5699: result: no
configure:5732: checking for bfd.h
configure:5740: result: no
configure:5755: checking for stdbool.h that conforms to C99
configure:5848: gcc -c -g -O2  conftest.c >&5
configure:5854: $? = 0
configure:5869: result: yes
configure:5871: checking for _Bool
configure:5901: gcc -c -g -O2  conftest.c >&5
configure:5907: $? = 0
configure:5922: result: yes
configure:5941: checking for an ANSI C-conforming const
configure:6016: gcc -c -g -O2  conftest.c >&5
configure:6022: $? = 0
configure:6037: result: yes
configure:6047: checking for inline
configure:6073: gcc -c -g -O2  conftest.c >&5
configure:6079: $? = 0
configure:6097: result: inline
configure:6117: checking for int16_t
configure:6148: gcc -c -g -O2  conftest.c >&5
configure:6154: $? = 0
configure:6183: gcc -c -g -O2  conftest.c >&5
conftest.c: In function 'main':
conftest.c:76:12: error: size of array 'test_array' is negative
 static int test_array [1 - 2 * !((int16_t) ((((int16_t) 1 << (16 - 2)) - 1) * 2 + 1)
            ^
configure:6189: $? = 1
configure: failed program was:
| /* confdefs.h.  */
| #define PACKAGE_NAME "SkyEye"
| #define PACKAGE_TARNAME "skyeye"
| #define PACKAGE_VERSION "1.2.6"
| #define PACKAGE_STRING "SkyEye 1.2.6"
| #define PACKAGE_BUGREPORT "skyeye-developer@lists.gro.clinux.org"
| #define PACKAGE "skyeye"
| #define VERSION "1.2.6"
| #define HAVE_LIBC 1
| #define HAVE_LIBM 1
| #define STDC_HEADERS 1
| #define HAVE_SYS_TYPES_H 1
| #define HAVE_SYS_STAT_H 1
| #define HAVE_STDLIB_H 1
| #define HAVE_STRING_H 1
| #define HAVE_MEMORY_H 1
| #define HAVE_STRINGS_H 1
| #define HAVE_INTTYPES_H 1
| #define HAVE_STDINT_H 1
| #define HAVE_UNISTD_H 1
| #define HAVE_FCNTL_H 1
| #define HAVE_INTTYPES_H 1
| #define HAVE_LIMITS_H 1
| #define HAVE_LOCALE_H 1
| #define HAVE_NETDB_H 1
| #define HAVE_NETINET_IN_H 1
| #define HAVE_STDDEF_H 1
| #define HAVE_STDINT_H 1
| #define HAVE_STDLIB_H 1
| #define HAVE_STRING_H 1
| #define HAVE_SYS_FILE_H 1
| #define HAVE_SYS_IOCTL_H 1
| #define HAVE_SYS_SOCKET_H 1
| #define HAVE_SYS_TIME_H 1
| #define HAVE_TERMIOS_H 1
| #define HAVE_UNISTD_H 1
| #define HAVE__BOOL 1
| #define HAVE_STDBOOL_H 1
| /* end confdefs.h.  */
| #include <stdio.h>
| #ifdef HAVE_SYS_TYPES_H
| # include <sys/types.h>
| #endif
| #ifdef HAVE_SYS_STAT_H
| # include <sys/stat.h>
| #endif
| #ifdef STDC_HEADERS
| # include <stdlib.h>
| # include <stddef.h>
| #else
| # ifdef HAVE_STDLIB_H
| #  include <stdlib.h>
| # endif
| #endif
| #ifdef HAVE_STRING_H
| # if !defined STDC_HEADERS && defined HAVE_MEMORY_H
| #  include <memory.h>
| # endif
| # include <string.h>
| #endif
| #ifdef HAVE_STRINGS_H
| # include <strings.h>
| #endif
| #ifdef HAVE_INTTYPES_H
| # include <inttypes.h>
| #endif
| #ifdef HAVE_STDINT_H
| # include <stdint.h>
| #endif
| #ifdef HAVE_UNISTD_H
| # include <unistd.h>
| #endif
| int
| main ()
| {
| static int test_array [1 - 2 * !((int16_t) ((((int16_t) 1 << (16 - 2)) - 1) * 2 + 1)
| 	         < (int16_t) ((((int16_t) 1 << (16 - 2)) - 1) * 2 + 2))];
| test_array [0] = 0
| 
|   ;
|   return 0;
| }
configure:6218: result: yes
configure:6231: checking for int32_t
configure:6262: gcc -c -g -O2  conftest.c >&5
configure:6268: $? = 0
configure:6297: gcc -c -g -O2  conftest.c >&5
conftest.c: In function 'main':
conftest.c:77:60: warning: integer overflow in expression [-Woverflow]
           < (int32_t) ((((int32_t) 1 << (32 - 2)) - 1) * 2 + 2))];
                                                            ^
conftest.c:76:12: error: storage size of 'test_array' isn't constant
 static int test_array [1 - 2 * !((int32_t) ((((int32_t) 1 << (32 - 2)) - 1) * 2 + 1)
            ^
configure:6303: $? = 1
configure: failed program was:
| /* confdefs.h.  */
| #define PACKAGE_NAME "SkyEye"
| #define PACKAGE_TARNAME "skyeye"
| #define PACKAGE_VERSION "1.2.6"
| #define PACKAGE_STRING "SkyEye 1.2.6"
| #define PACKAGE_BUGREPORT "skyeye-developer@lists.gro.clinux.org"
| #define PACKAGE "skyeye"
| #define VERSION "1.2.6"
| #define HAVE_LIBC 1
| #define HAVE_LIBM 1
| #define STDC_HEADERS 1
| #define HAVE_SYS_TYPES_H 1
| #define HAVE_SYS_STAT_H 1
| #define HAVE_STDLIB_H 1
| #define HAVE_STRING_H 1
| #define HAVE_MEMORY_H 1
| #define HAVE_STRINGS_H 1
| #define HAVE_INTTYPES_H 1
| #define HAVE_STDINT_H 1
| #define HAVE_UNISTD_H 1
| #define HAVE_FCNTL_H 1
| #define HAVE_INTTYPES_H 1
| #define HAVE_LIMITS_H 1
| #define HAVE_LOCALE_H 1
| #define HAVE_NETDB_H 1
| #define HAVE_NETINET_IN_H 1
| #define HAVE_STDDEF_H 1
| #define HAVE_STDINT_H 1
| #define HAVE_STDLIB_H 1
| #define HAVE_STRING_H 1
| #define HAVE_SYS_FILE_H 1
| #define HAVE_SYS_IOCTL_H 1
| #define HAVE_SYS_SOCKET_H 1
| #define HAVE_SYS_TIME_H 1
| #define HAVE_TERMIOS_H 1
| #define HAVE_UNISTD_H 1
| #define HAVE__BOOL 1
| #define HAVE_STDBOOL_H 1
| /* end confdefs.h.  */
| #include <stdio.h>
| #ifdef HAVE_SYS_TYPES_H
| # include <sys/types.h>
| #endif
| #ifdef HAVE_SYS_STAT_H
| # include <sys/stat.h>
| #endif
| #ifdef STDC_HEADERS
| # include <stdlib.h>
| # include <stddef.h>
| #else
| # ifdef HAVE_STDLIB_H
| #  include <stdlib.h>
| # endif
| #endif
| #ifdef HAVE_STRING_H
| # if !defined STDC_HEADERS && defined HAVE_MEMORY_H
| #  include <memory.h>
| # endif
| # include <string.h>
| #endif
| #ifdef HAVE_STRINGS_H
| # include <strings.h>
| #endif
| #ifdef HAVE_INTTYPES_H
| # include <inttypes.h>
| #endif
| #ifdef HAVE_STDINT_H
| # include <stdint.h>
| #endif
| #ifdef HAVE_UNISTD_H
| # include <unistd.h>
| #endif
| int
| main ()
| {
| static int test_array [1 - 2 * !((int32_t) ((((int32_t) 1 << (32 - 2)) - 1) * 2 + 1)
| 	         < (int32_t) ((((int32_t) 1 << (32 - 2)) - 1) * 2 + 2))];
| test_array [0] = 0
| 
|   ;
|   return 0;
| }
configure:6332: result: yes
configure:6345: checking for int64_t
configure:6376: gcc -c -g -O2  conftest.c >&5
configure:6382: $? = 0
configure:6411: gcc -c -g -O2  conftest.c >&5
conftest.c: In function 'main':
conftest.c:77:60: warning: integer overflow in expression [-Woverflow]
           < (int64_t) ((((int64_t) 1 << (64 - 2)) - 1) * 2 + 2))];
                                                            ^
conftest.c:76:12: error: storage size of 'test_array' isn't constant
 static int test_array [1 - 2 * !((int64_t) ((((int64_t) 1 << (64 - 2)) - 1) * 2 + 1)
            ^
configure:6417: $? = 1
configure: failed program was:
| /* confdefs.h.  */
| #define PACKAGE_NAME "SkyEye"
| #define PACKAGE_TARNAME "skyeye"
| #define PACKAGE_VERSION "1.2.6"
| #define PACKAGE_STRING "SkyEye 1.2.6"
| #define PACKAGE_BUGREPORT "skyeye-developer@lists.gro.clinux.org"
| #define PACKAGE "skyeye"
| #define VERSION "1.2.6"
| #define HAVE_LIBC 1
| #define HAVE_LIBM 1
| #define STDC_HEADERS 1
| #define HAVE_SYS_TYPES_H 1
| #define HAVE_SYS_STAT_H 1
| #define HAVE_STDLIB_H 1
| #define HAVE_STRING_H 1
| #define HAVE_MEMORY_H 1
| #define HAVE_STRINGS_H 1
| #define HAVE_INTTYPES_H 1
| #define HAVE_STDINT_H 1
| #define HAVE_UNISTD_H 1
| #define HAVE_FCNTL_H 1
| #define HAVE_INTTYPES_H 1
| #define HAVE_LIMITS_H 1
| #define HAVE_LOCALE_H 1
| #define HAVE_NETDB_H 1
| #define HAVE_NETINET_IN_H 1
| #define HAVE_STDDEF_H 1
| #define HAVE_STDINT_H 1
| #define HAVE_STDLIB_H 1
| #define HAVE_STRING_H 1
| #define HAVE_SYS_FILE_H 1
| #define HAVE_SYS_IOCTL_H 1
| #define HAVE_SYS_SOCKET_H 1
| #define HAVE_SYS_TIME_H 1
| #define HAVE_TERMIOS_H 1
| #define HAVE_UNISTD_H 1
| #define HAVE__BOOL 1
| #define HAVE_STDBOOL_H 1
| /* end confdefs.h.  */
| #include <stdio.h>
| #ifdef HAVE_SYS_TYPES_H
| # include <sys/types.h>
| #endif
| #ifdef HAVE_SYS_STAT_H
| # include <sys/stat.h>
| #endif
| #ifdef STDC_HEADERS
| # include <stdlib.h>
| # include <stddef.h>
| #else
| # ifdef HAVE_STDLIB_H
| #  include <stdlib.h>
| # endif
| #endif
| #ifdef HAVE_STRING_H
| # if !defined STDC_HEADERS && defined HAVE_MEMORY_H
| #  include <memory.h>
| # endif
| # include <string.h>
| #endif
| #ifdef HAVE_STRINGS_H
| # include <strings.h>
| #endif
| #ifdef HAVE_INTTYPES_H
| # include <inttypes.h>
| #endif
| #ifdef HAVE_STDINT_H
| # include <stdint.h>
| #endif
| #ifdef HAVE_UNISTD_H
| # include <unistd.h>
| #endif
| int
| main ()
| {
| static int test_array [1 - 2 * !((int64_t) ((((int64_t) 1 << (64 - 2)) - 1) * 2 + 1)
| 	         < (int64_t) ((((int64_t) 1 << (64 - 2)) - 1) * 2 + 2))];
| test_array [0] = 0
| 
|   ;
|   return 0;
| }
configure:6446: result: yes
configure:6459: checking for int8_t
configure:6490: gcc -c -g -O2  conftest.c >&5
configure:6496: $? = 0
configure:6525: gcc -c -g -O2  conftest.c >&5
conftest.c: In function 'main':
conftest.c:76:12: error: size of array 'test_array' is negative
 static int test_array [1 - 2 * !((int8_t) ((((int8_t) 1 << (8 - 2)) - 1) * 2 + 1)
            ^
configure:6531: $? = 1
configure: failed program was:
| /* confdefs.h.  */
| #define PACKAGE_NAME "SkyEye"
| #define PACKAGE_TARNAME "skyeye"
| #define PACKAGE_VERSION "1.2.6"
| #define PACKAGE_STRING "SkyEye 1.2.6"
| #define PACKAGE_BUGREPORT "skyeye-developer@lists.gro.clinux.org"
| #define PACKAGE "skyeye"
| #define VERSION "1.2.6"
| #define HAVE_LIBC 1
| #define HAVE_LIBM 1
| #define STDC_HEADERS 1
| #define HAVE_SYS_TYPES_H 1
| #define HAVE_SYS_STAT_H 1
| #define HAVE_STDLIB_H 1
| #define HAVE_STRING_H 1
| #define HAVE_MEMORY_H 1
| #define HAVE_STRINGS_H 1
| #define HAVE_INTTYPES_H 1
| #define HAVE_STDINT_H 1
| #define HAVE_UNISTD_H 1
| #define HAVE_FCNTL_H 1
| #define HAVE_INTTYPES_H 1
| #define HAVE_LIMITS_H 1
| #define HAVE_LOCALE_H 1
| #define HAVE_NETDB_H 1
| #define HAVE_NETINET_IN_H 1
| #define HAVE_STDDEF_H 1
| #define HAVE_STDINT_H 1
| #define HAVE_STDLIB_H 1
| #define HAVE_STRING_H 1
| #define HAVE_SYS_FILE_H 1
| #define HAVE_SYS_IOCTL_H 1
| #define HAVE_SYS_SOCKET_H 1
| #define HAVE_SYS_TIME_H 1
| #define HAVE_TERMIOS_H 1
| #define HAVE_UNISTD_H 1
| #define HAVE__BOOL 1
| #define HAVE_STDBOOL_H 1
| /* end confdefs.h.  */
| #include <stdio.h>
| #ifdef HAVE_SYS_TYPES_H
| # include <sys/types.h>
| #endif
| #ifdef HAVE_SYS_STAT_H
| # include <sys/stat.h>
| #endif
| #ifdef STDC_HEADERS
| # include <stdlib.h>
| # include <stddef.h>
| #else
| # ifdef HAVE_STDLIB_H
| #  include <stdlib.h>
| # endif
| #endif
| #ifdef HAVE_STRING_H
| # if !defined STDC_HEADERS && defined HAVE_MEMORY_H
| #  include <memory.h>
| # endif
| # include <string.h>
| #endif
| #ifdef HAVE_STRINGS_H
| # include <strings.h>
| #endif
| #ifdef HAVE_INTTYPES_H
| # include <inttypes.h>
| #endif
| #ifdef HAVE_STDINT_H
| # include <stdint.h>
| #endif
| #ifdef HAVE_UNISTD_H
| # include <unistd.h>
| #endif
| int
| main ()
| {
| static int test_array [1 - 2 * !((int8_t) ((((int8_t) 1 << (8 - 2)) - 1) * 2 + 1)
| 	         < (int8_t) ((((int8_t) 1 << (8 - 2)) - 1) * 2 + 2))];
| test_array [0] = 0
| 
|   ;
|   return 0;
| }
configure:6560: result: yes
configure:6572: checking for off_t
configure:6602: gcc -c -g -O2  conftest.c >&5
configure:6608: $? = 0
configure:6623: result: yes
configure:6635: checking for size_t
configure:6665: gcc -c -g -O2  conftest.c >&5
configure:6671: $? = 0
configure:6686: result: yes
configure:6698: checking for ssize_t
configure:6728: gcc -c -g -O2  conftest.c >&5
configure:6734: $? = 0
configure:6749: result: yes
configure:6761: checking whether time.h and sys/time.h may both be included
configure:6791: gcc -c -g -O2  conftest.c >&5
configure:6797: $? = 0
configure:6812: result: yes
configure:6822: checking whether struct tm is in sys/time.h or time.h
configure:6852: gcc -c -g -O2  conftest.c >&5
configure:6858: $? = 0
configure:6873: result: time.h
configure:6883: checking for uid_t in sys/types.h
configure:6906: result: yes
configure:6922: checking for uint16_t
configure:6953: gcc -c -g -O2  conftest.c >&5
configure:6959: $? = 0
configure:6980: result: yes
configure:6994: checking for uint32_t
configure:7025: gcc -c -g -O2  conftest.c >&5
configure:7031: $? = 0
configure:7052: result: yes
configure:7070: checking for uint64_t
configure:7101: gcc -c -g -O2  conftest.c >&5
configure:7107: $? = 0
configure:7128: result: yes
configure:7146: checking for uint8_t
configure:7177: gcc -c -g -O2  conftest.c >&5
configure:7183: $? = 0
configure:7204: result: yes
configure:7221: checking for working volatile
configure:7250: gcc -c -g -O2  conftest.c >&5
configure:7256: $? = 0
configure:7271: result: yes
configure:7283: checking for error_at_line
configure:7309: gcc -o conftest -g -O2   conftest.c -lm -lc  >&5
configure:7315: $? = 0
configure:7332: result: yes
configure:7344: checking whether gcc needs -traditional
configure:7386: result: no
configure:7398: checking for stdlib.h
configure:7404: result: yes
configure:7538: checking for GNU libc compatible malloc
configure:7572: gcc -o conftest -g -O2   conftest.c -lm -lc  >&5
configure:7575: $? = 0
configure:7581: ./conftest
configure:7584: $? = 0
configure:7600: result: yes
configure:7628: checking for working memcmp
configure:7681: gcc -o conftest -g -O2   conftest.c -lm -lc  >&5
configure:7684: $? = 0
configure:7690: ./conftest
configure:7693: $? = 0
configure:7709: result: yes
configure:7724: checking for stdlib.h
configure:7730: result: yes
configure:7724: checking for unistd.h
configure:7730: result: yes
configure:7868: checking for getpagesize
configure:7924: gcc -o conftest -g -O2   conftest.c -lm -lc  >&5
configure:7930: $? = 0
configure:7948: result: yes
configure:7958: checking for working mmap
configure:8105: gcc -o conftest -g -O2   conftest.c -lm -lc  >&5
configure:8108: $? = 0
configure:8114: ./conftest
configure:8117: $? = 0
configure:8133: result: yes
configure:8149: checking for stdlib.h
configure:8155: result: yes
configure:8289: checking for GNU libc compatible realloc
configure:8323: gcc -o conftest -g -O2   conftest.c -lm -lc  >&5
configure:8326: $? = 0
configure:8332: ./conftest
configure:8335: $? = 0
configure:8351: result: yes
configure:8395: checking sys/select.h usability
configure:8412: gcc -c -g -O2  conftest.c >&5
configure:8418: $? = 0
configure:8432: result: yes
configure:8436: checking sys/select.h presence
configure:8451: gcc -E  conftest.c
configure:8457: $? = 0
configure:8471: result: yes
configure:8504: checking for sys/select.h
configure:8512: result: yes
configure:8385: checking for sys/socket.h
configure:8391: result: yes
configure:8525: checking types of arguments for select
configure:8563: gcc -c -g -O2  conftest.c >&5
configure:8569: $? = 0
configure:8590: result: int,fd_set *,struct timeval *
configure:8613: checking return type of signal handlers
configure:8641: gcc -c -g -O2  conftest.c >&5
conftest.c: In function 'main':
conftest.c:60:1: error: void value not ignored as it ought to be
 return *(signal (0, 0)) (0) == 1;
 ^
configure:8647: $? = 1
configure: failed program was:
| /* confdefs.h.  */
| #define PACKAGE_NAME "SkyEye"
| #define PACKAGE_TARNAME "skyeye"
| #define PACKAGE_VERSION "1.2.6"
| #define PACKAGE_STRING "SkyEye 1.2.6"
| #define PACKAGE_BUGREPORT "skyeye-developer@lists.gro.clinux.org"
| #define PACKAGE "skyeye"
| #define VERSION "1.2.6"
| #define HAVE_LIBC 1
| #define HAVE_LIBM 1
| #define STDC_HEADERS 1
| #define HAVE_SYS_TYPES_H 1
| #define HAVE_SYS_STAT_H 1
| #define HAVE_STDLIB_H 1
| #define HAVE_STRING_H 1
| #define HAVE_MEMORY_H 1
| #define HAVE_STRINGS_H 1
| #define HAVE_INTTYPES_H 1
| #define HAVE_STDINT_H 1
| #define HAVE_UNISTD_H 1
| #define HAVE_FCNTL_H 1
| #define HAVE_INTTYPES_H 1
| #define HAVE_LIMITS_H 1
| #define HAVE_LOCALE_H 1
| #define HAVE_NETDB_H 1
| #define HAVE_NETINET_IN_H 1
| #define HAVE_STDDEF_H 1
| #define HAVE_STDINT_H 1
| #define HAVE_STDLIB_H 1
| #define HAVE_STRING_H 1
| #define HAVE_SYS_FILE_H 1
| #define HAVE_SYS_IOCTL_H 1
| #define HAVE_SYS_SOCKET_H 1
| #define HAVE_SYS_TIME_H 1
| #define HAVE_TERMIOS_H 1
| #define HAVE_UNISTD_H 1
| #define HAVE__BOOL 1
| #define HAVE_STDBOOL_H 1
| #define TIME_WITH_SYS_TIME 1
| #define HAVE_STDLIB_H 1
| #define HAVE_MALLOC 1
| #define HAVE_STDLIB_H 1
| #define HAVE_UNISTD_H 1
| #define HAVE_GETPAGESIZE 1
| #define HAVE_MMAP 1
| #define HAVE_STDLIB_H 1
| #define HAVE_REALLOC 1
| #define HAVE_SYS_SELECT_H 1
| #define HAVE_SYS_SOCKET_H 1
| #define SELECT_TYPE_ARG1 int
| #define SELECT_TYPE_ARG234 (fd_set *)
| #define SELECT_TYPE_ARG5 (struct timeval *)
| /* end confdefs.h.  */
| #include <sys/types.h>
| #include <signal.h>
| 
| int
| main ()
| {
| return *(signal (0, 0)) (0) == 1;
|   ;
|   return 0;
| }
configure:8662: result: void
configure:8674: checking for vprintf
configure:8730: gcc -o conftest -g -O2   conftest.c -lm -lc  >&5
conftest.c:78:6: warning: conflicting types for built-in function 'vprintf' [enabled by default]
 char vprintf ();
      ^
configure:8736: $? = 0
configure:8754: result: yes
configure:8761: checking for _doprnt
configure:8817: gcc -o conftest -g -O2   conftest.c -lm -lc  >&5
/tmp/cciATM21.o: In function `main':
/home/peter/code/arm/skyeye-1.2.6_rc1/conftest.c:90: undefined reference to `_doprnt'
collect2: error: ld returned 1 exit status
configure:8823: $? = 1
configure: failed program was:
| /* confdefs.h.  */
| #define PACKAGE_NAME "SkyEye"
| #define PACKAGE_TARNAME "skyeye"
| #define PACKAGE_VERSION "1.2.6"
| #define PACKAGE_STRING "SkyEye 1.2.6"
| #define PACKAGE_BUGREPORT "skyeye-developer@lists.gro.clinux.org"
| #define PACKAGE "skyeye"
| #define VERSION "1.2.6"
| #define HAVE_LIBC 1
| #define HAVE_LIBM 1
| #define STDC_HEADERS 1
| #define HAVE_SYS_TYPES_H 1
| #define HAVE_SYS_STAT_H 1
| #define HAVE_STDLIB_H 1
| #define HAVE_STRING_H 1
| #define HAVE_MEMORY_H 1
| #define HAVE_STRINGS_H 1
| #define HAVE_INTTYPES_H 1
| #define HAVE_STDINT_H 1
| #define HAVE_UNISTD_H 1
| #define HAVE_FCNTL_H 1
| #define HAVE_INTTYPES_H 1
| #define HAVE_LIMITS_H 1
| #define HAVE_LOCALE_H 1
| #define HAVE_NETDB_H 1
| #define HAVE_NETINET_IN_H 1
| #define HAVE_STDDEF_H 1
| #define HAVE_STDINT_H 1
| #define HAVE_STDLIB_H 1
| #define HAVE_STRING_H 1
| #define HAVE_SYS_FILE_H 1
| #define HAVE_SYS_IOCTL_H 1
| #define HAVE_SYS_SOCKET_H 1
| #define HAVE_SYS_TIME_H 1
| #define HAVE_TERMIOS_H 1
| #define HAVE_UNISTD_H 1
| #define HAVE__BOOL 1
| #define HAVE_STDBOOL_H 1
| #define TIME_WITH_SYS_TIME 1
| #define HAVE_STDLIB_H 1
| #define HAVE_MALLOC 1
| #define HAVE_STDLIB_H 1
| #define HAVE_UNISTD_H 1
| #define HAVE_GETPAGESIZE 1
| #define HAVE_MMAP 1
| #define HAVE_STDLIB_H 1
| #define HAVE_REALLOC 1
| #define HAVE_SYS_SELECT_H 1
| #define HAVE_SYS_SOCKET_H 1
| #define SELECT_TYPE_ARG1 int
| #define SELECT_TYPE_ARG234 (fd_set *)
| #define SELECT_TYPE_ARG5 (struct timeval *)
| #define RETSIGTYPE void
| #define HAVE_VPRINTF 1
| /* end confdefs.h.  */
| /* Define _doprnt to an innocuous variant, in case <limits.h> declares _doprnt.
|    For example, HP-UX 11i <limits.h> declares gettimeofday.  */
| #define _doprnt innocuous__doprnt
| 
| /* System header to define __stub macros and hopefully few prototypes,
|     which can conflict with char _doprnt (); below.
|     Prefer <limits.h> to <assert.h> if __STDC__ is defined, since
|     <limits.h> exists even on freestanding compilers.  */
| 
| #ifdef __STDC__
| # include <limits.h>
| #else
| # include <assert.h>
| #endif
| 
| #undef _doprnt
| 
| /* Override any GCC internal prototype to avoid an error.
|    Use char because int might match the return type of a GCC
|    builtin and then its argument prototype would still apply.  */
| #ifdef __cplusplus
| extern "C"
| #endif
| char _doprnt ();
| /* The GNU C library defines this for functions which it implements
|     to always fail with ENOSYS.  Some functions are actually named
|     something starting with __ and the normal name is an alias.  */
| #if defined __stub__doprnt || defined __stub____doprnt
| choke me
| #endif
| 
| int
| main ()
| {
| return _doprnt ();
|   ;
|   return 0;
| }
configure:8840: result: no
configure:8875: checking for atexit
configure:8931: gcc -o conftest -g -O2   conftest.c -lm -lc  >&5
configure:8937: $? = 0
configure:8955: result: yes
configure:8875: checking for bzero
configure:8931: gcc -o conftest -g -O2   conftest.c -lm -lc  >&5
conftest.c:80:6: warning: conflicting types for built-in function 'bzero' [enabled by default]
 char bzero ();
      ^
configure:8937: $? = 0
configure:8955: result: yes
configure:8875: checking for getpagesize
configure:8955: result: yes
configure:8875: checking for gettimeofday
configure:8931: gcc -o conftest -g -O2   conftest.c -lm -lc  >&5
configure:8937: $? = 0
configure:8955: result: yes
configure:8875: checking for memmove
configure:8931: gcc -o conftest -g -O2   conftest.c -lm -lc  >&5
conftest.c:83:6: warning: conflicting types for built-in function 'memmove' [enabled by default]
 char memmove ();
      ^
configure:8937: $? = 0
configure:8955: result: yes
configure:8875: checking for memset
configure:8931: gcc -o conftest -g -O2   conftest.c -lm -lc  >&5
conftest.c:84:6: warning: conflicting types for built-in function 'memset' [enabled by default]
 char memset ();
      ^
configure:8937: $? = 0
configure:8955: result: yes
configure:8875: checking for munmap
configure:8931: gcc -o conftest -g -O2   conftest.c -lm -lc  >&5
configure:8937: $? = 0
configure:8955: result: yes
configure:8875: checking for select
configure:8931: gcc -o conftest -g -O2   conftest.c -lm -lc  >&5
configure:8937: $? = 0
configure:8955: result: yes
configure:8875: checking for setlocale
configure:8931: gcc -o conftest -g -O2   conftest.c -lm -lc  >&5
configure:8937: $? = 0
configure:8955: result: yes
configure:8875: checking for socket
configure:8931: gcc -o conftest -g -O2   conftest.c -lm -lc  >&5
configure:8937: $? = 0
configure:8955: result: yes
configure:8875: checking for sqrt
configure:8931: gcc -o conftest -g -O2   conftest.c -lm -lc  >&5
conftest.c:89:6: warning: conflicting types for built-in function 'sqrt' [enabled by default]
 char sqrt ();
      ^
configure:8937: $? = 0
configure:8955: result: yes
configure:8875: checking for strcasecmp
configure:8931: gcc -o conftest -g -O2   conftest.c -lm -lc  >&5
conftest.c:90:6: warning: conflicting types for built-in function 'strcasecmp' [enabled by default]
 char strcasecmp ();
      ^
configure:8937: $? = 0
configure:8955: result: yes
configure:8875: checking for strchr
configure:8931: gcc -o conftest -g -O2   conftest.c -lm -lc  >&5
conftest.c:91:6: warning: conflicting types for built-in function 'strchr' [enabled by default]
 char strchr ();
      ^
configure:8937: $? = 0
configure:8955: result: yes
configure:8875: checking for strdup
configure:8931: gcc -o conftest -g -O2   conftest.c -lm -lc  >&5
conftest.c:92:6: warning: conflicting types for built-in function 'strdup' [enabled by default]
 char strdup ();
      ^
configure:8937: $? = 0
configure:8955: result: yes
configure:8875: checking for strerror
configure:8931: gcc -o conftest -g -O2   conftest.c -lm -lc  >&5
configure:8937: $? = 0
configure:8955: result: yes
configure:8875: checking for strspn
configure:8931: gcc -o conftest -g -O2   conftest.c -lm -lc  >&5
conftest.c:94:6: warning: conflicting types for built-in function 'strspn' [enabled by default]
 char strspn ();
      ^
configure:8937: $? = 0
configure:8955: result: yes
configure:8875: checking for strtol
configure:8931: gcc -o conftest -g -O2   conftest.c -lm -lc  >&5
configure:8937: $? = 0
configure:8955: result: yes
configure:8875: checking for strtoul
configure:8931: gcc -o conftest -g -O2   conftest.c -lm -lc  >&5
configure:8937: $? = 0
configure:8955: result: yes
configure:9117: creating ./config.status

## ---------------------- ##
## Running config.status. ##
## ---------------------- ##

This file was extended by SkyEye config.status 1.2.6, which was
generated by GNU Autoconf 2.61.  Invocation command line was

  CONFIG_FILES    = 
  CONFIG_HEADERS  = 
  CONFIG_LINKS    = 
  CONFIG_COMMANDS = 
  $ ./config.status 

on peter-System-Product-Name

config.status:678: creating Makefile
config.status:678: creating arch/arm/Makefile
config.status:678: creating arch/bfin/Makefile
config.status:678: creating arch/coldfire/Makefile
config.status:678: creating arch/mips/Makefile
config.status:678: creating arch/ppc/Makefile
config.status:678: creating device/Makefile
config.status:678: creating utils/Makefile
config.status:678: creating config.h
config.status:1013: executing depfiles commands

## ---------------- ##
## Cache variables. ##
## ---------------- ##

ac_cv_build=x86_64-unknown-linux-gnu
ac_cv_c_compiler_gnu=yes
ac_cv_c_const=yes
ac_cv_c_inline=inline
ac_cv_c_int16_t=yes
ac_cv_c_int32_t=yes
ac_cv_c_int64_t=yes
ac_cv_c_int8_t=yes
ac_cv_c_uint16_t=yes
ac_cv_c_uint32_t=yes
ac_cv_c_uint64_t=yes
ac_cv_c_uint8_t=yes
ac_cv_c_volatile=yes
ac_cv_cxx_compiler_gnu=yes
ac_cv_env_CCC_set=
ac_cv_env_CCC_value=
ac_cv_env_CC_set=
ac_cv_env_CC_value=
ac_cv_env_CFLAGS_set=
ac_cv_env_CFLAGS_value=
ac_cv_env_CPPFLAGS_set=
ac_cv_env_CPPFLAGS_value=
ac_cv_env_CPP_set=
ac_cv_env_CPP_value=
ac_cv_env_CXXFLAGS_set=
ac_cv_env_CXXFLAGS_value=
ac_cv_env_CXX_set=
ac_cv_env_CXX_value=
ac_cv_env_GTK_CFLAGS_set=
ac_cv_env_GTK_CFLAGS_value=
ac_cv_env_GTK_LIBS_set=
ac_cv_env_GTK_LIBS_value=
ac_cv_env_LDFLAGS_set=
ac_cv_env_LDFLAGS_value=
ac_cv_env_LIBS_set=
ac_cv_env_LIBS_value=
ac_cv_env_PKG_CONFIG_set=
ac_cv_env_PKG_CONFIG_value=
ac_cv_env_build_alias_set=
ac_cv_env_build_alias_value=
ac_cv_env_host_alias_set=
ac_cv_env_host_alias_value=
ac_cv_env_target_alias_set=
ac_cv_env_target_alias_value=
ac_cv_func__doprnt=no
ac_cv_func_atexit=yes
ac_cv_func_bzero=yes
ac_cv_func_getpagesize=yes
ac_cv_func_gettimeofday=yes
ac_cv_func_malloc_0_nonnull=yes
ac_cv_func_memcmp_working=yes
ac_cv_func_memmove=yes
ac_cv_func_memset=yes
ac_cv_func_mmap_fixed_mapped=yes
ac_cv_func_munmap=yes
ac_cv_func_realloc_0_nonnull=yes
ac_cv_func_select=yes
ac_cv_func_select_args='int,fd_set *,struct timeval *'
ac_cv_func_setlocale=yes
ac_cv_func_socket=yes
ac_cv_func_sqrt=yes
ac_cv_func_strcasecmp=yes
ac_cv_func_strchr=yes
ac_cv_func_strdup=yes
ac_cv_func_strerror=yes
ac_cv_func_strspn=yes
ac_cv_func_strtol=yes
ac_cv_func_strtoul=yes
ac_cv_func_vprintf=yes
ac_cv_header_bfd_h=no
ac_cv_header_fcntl_h=yes
ac_cv_header_inttypes_h=yes
ac_cv_header_limits_h=yes
ac_cv_header_locale_h=yes
ac_cv_header_memory_h=yes
ac_cv_header_netdb_h=yes
ac_cv_header_netinet_in_h=yes
ac_cv_header_stdbool_h=yes
ac_cv_header_stdc=yes
ac_cv_header_stddef_h=yes
ac_cv_header_stdint_h=yes
ac_cv_header_stdlib_h=yes
ac_cv_header_string_h=yes
ac_cv_header_strings_h=yes
ac_cv_header_sys_file_h=yes
ac_cv_header_sys_ioctl_h=yes
ac_cv_header_sys_select_h=yes
ac_cv_header_sys_socket_h=yes
ac_cv_header_sys_stat_h=yes
ac_cv_header_sys_time_h=yes
ac_cv_header_sys_types_h=yes
ac_cv_header_termios_h=yes
ac_cv_header_time=yes
ac_cv_header_unistd_h=yes
ac_cv_host=x86_64-unknown-linux-gnu
ac_cv_lib_bfd_bfd_openr=no
ac_cv_lib_c_main=yes
ac_cv_lib_error_at_line=yes
ac_cv_lib_iberty_main=no
ac_cv_lib_intl_main=no
ac_cv_lib_m_main=yes
ac_cv_lib_n_main=no
ac_cv_lib_socket_socket=no
ac_cv_objext=o
ac_cv_path_EGREP='/bin/grep -E'
ac_cv_path_GREP=/bin/grep
ac_cv_path_PKG_CONFIG=no
ac_cv_path_install='/usr/bin/install -c'
ac_cv_path_mkdir=/bin/mkdir
ac_cv_prog_AWK=mawk
ac_cv_prog_CPP='gcc -E'
ac_cv_prog_ac_ct_CC=gcc
ac_cv_prog_ac_ct_CXX=g++
ac_cv_prog_ac_ct_RANLIB=ranlib
ac_cv_prog_cc_c89=
ac_cv_prog_cc_g=yes
ac_cv_prog_cxx_g=yes
ac_cv_prog_gcc_traditional=no
ac_cv_prog_make_make_set=yes
ac_cv_struct_tm=time.h
ac_cv_target=x86_64-unknown-linux-gnu
ac_cv_type__Bool=yes
ac_cv_type_off_t=yes
ac_cv_type_signal=void
ac_cv_type_size_t=yes
ac_cv_type_ssize_t=yes
ac_cv_type_uid_t=yes
am_cv_CC_dependencies_compiler_type=gcc3
am_cv_CXX_dependencies_compiler_type=gcc3

## ----------------- ##
## Output variables. ##
## ----------------- ##

ACLOCAL='${SHELL} /home/peter/code/arm/skyeye-1.2.6_rc1/missing --run aclocal-1.10'
AMDEPBACKSLASH='\'
AMDEP_FALSE='#'
AMDEP_TRUE=''
AMTAR='${SHELL} /home/peter/code/arm/skyeye-1.2.6_rc1/missing --run tar'
AUTOCONF='${SHELL} /home/peter/code/arm/skyeye-1.2.6_rc1/missing --run autoconf'
AUTOHEADER='${SHELL} /home/peter/code/arm/skyeye-1.2.6_rc1/missing --run autoheader'
AUTOMAKE='${SHELL} /home/peter/code/arm/skyeye-1.2.6_rc1/missing --run automake-1.10'
AWK='mawk'
CC='gcc'
CCDEPMODE='depmode=gcc3'
CFLAGS='-g -O2'
COMMON_INCLUDES='-I$(top_srcdir)/utils/config -I$(top_srcdir)/utils/main -I$(top_srcdir)/utils/main -I$(top_srcdir)/utils -I$(top_srcdir)/device'
CPP='gcc -E'
CPPFLAGS=''
CXX='g++'
CXXDEPMODE='depmode=gcc3'
CXXFLAGS='-g -O2'
CYGPATH_W='echo'
DBCT_FALSE=''
DBCT_TRUE='#'
DEFS='-DHAVE_CONFIG_H'
DEPDIR='.deps'
ECHO_C=''
ECHO_N='-n'
ECHO_T=''
EGREP='/bin/grep -E'
EXEEXT=''
GREP='/bin/grep'
GTK_CFLAGS=''
GTK_LCD_FALSE=''
GTK_LCD_TRUE='#'
GTK_LIBS=''
INSTALL_DATA='${INSTALL} -m 644'
INSTALL_PROGRAM='${INSTALL}'
INSTALL_SCRIPT='${INSTALL}'
INSTALL_STRIP_PROGRAM='$(install_sh) -c -s'
LCD_CFLAGS=''
LCD_FALSE=''
LCD_LIBS=''
LCD_TRUE='#'
LDFLAGS=''
LIBOBJS=''
LIBS='-lm -lc '
LTLIBOBJS=''
MAKEINFO='${SHELL} /home/peter/code/arm/skyeye-1.2.6_rc1/missing --run makeinfo'
OBJEXT='o'
PACKAGE='skyeye'
PACKAGE_BUGREPORT='skyeye-developer@lists.gro.clinux.org'
PACKAGE_NAME='SkyEye'
PACKAGE_STRING='SkyEye 1.2.6'
PACKAGE_TARNAME='skyeye'
PACKAGE_VERSION='1.2.6'
PATH_SEPARATOR=':'
PKG_CONFIG='no'
RANLIB='ranlib'
SET_MAKE=''
SHELL='/bin/bash'
STRIP=''
VERSION='1.2.6'
WIN32_LCD_FALSE=''
WIN32_LCD_TRUE='#'
ac_ct_CC='gcc'
ac_ct_CXX='g++'
am__fastdepCC_FALSE='#'
am__fastdepCC_TRUE=''
am__fastdepCXX_FALSE='#'
am__fastdepCXX_TRUE=''
am__include='include'
am__isrc=''
am__leading_dot='.'
am__quote=''
am__tar='${AMTAR} chof - "$$tardir"'
am__untar='${AMTAR} xf -'
bindir='${exec_prefix}/bin'
build='x86_64-unknown-linux-gnu'
build_alias=''
build_cpu='x86_64'
build_os='linux-gnu'
build_vendor='unknown'
datadir='${datarootdir}'
datarootdir='${prefix}/share'
docdir='${datarootdir}/doc/${PACKAGE_TARNAME}'
dvidir='${docdir}'
exec_prefix='${prefix}'
host='x86_64-unknown-linux-gnu'
host_alias=''
host_cpu='x86_64'
host_os='linux-gnu'
host_vendor='unknown'
htmldir='${docdir}'
includedir='${prefix}/include'
infodir='${datarootdir}/info'
install_sh='$(SHELL) /home/peter/code/arm/skyeye-1.2.6_rc1/install-sh'
libdir='${exec_prefix}/lib'
libexecdir='${exec_prefix}/libexec'
localedir='${datarootdir}/locale'
localstatedir='${prefix}/var'
mandir='${datarootdir}/man'
mkdir_p='/bin/mkdir -p'
oldincludedir='/usr/include'
pdfdir='${docdir}'
prefix='/usr/local'
program_transform_name='s,x,x,'
psdir='${docdir}'
sbindir='${exec_prefix}/sbin'
sharedstatedir='${prefix}/com'
sysconfdir='${prefix}/etc'
target='x86_64-unknown-linux-gnu'
target_alias=''
target_cpu='x86_64'
target_os='linux-gnu'
target_vendor='unknown'

## ----------- ##
## confdefs.h. ##
## ----------- ##

#define PACKAGE_NAME "SkyEye"
#define PACKAGE_TARNAME "skyeye"
#define PACKAGE_VERSION "1.2.6"
#define PACKAGE_STRING "SkyEye 1.2.6"
#define PACKAGE_BUGREPORT "skyeye-developer@lists.gro.clinux.org"
#define PACKAGE "skyeye"
#define VERSION "1.2.6"
#define HAVE_LIBC 1
#define HAVE_LIBM 1
#define STDC_HEADERS 1
#define HAVE_SYS_TYPES_H 1
#define HAVE_SYS_STAT_H 1
#define HAVE_STDLIB_H 1
#define HAVE_STRING_H 1
#define HAVE_MEMORY_H 1
#define HAVE_STRINGS_H 1
#define HAVE_INTTYPES_H 1
#define HAVE_STDINT_H 1
#define HAVE_UNISTD_H 1
#define HAVE_FCNTL_H 1
#define HAVE_INTTYPES_H 1
#define HAVE_LIMITS_H 1
#define HAVE_LOCALE_H 1
#define HAVE_NETDB_H 1
#define HAVE_NETINET_IN_H 1
#define HAVE_STDDEF_H 1
#define HAVE_STDINT_H 1
#define HAVE_STDLIB_H 1
#define HAVE_STRING_H 1
#define HAVE_SYS_FILE_H 1
#define HAVE_SYS_IOCTL_H 1
#define HAVE_SYS_SOCKET_H 1
#define HAVE_SYS_TIME_H 1
#define HAVE_TERMIOS_H 1
#define HAVE_UNISTD_H 1
#define HAVE__BOOL 1
#define HAVE_STDBOOL_H 1
#define TIME_WITH_SYS_TIME 1
#define HAVE_STDLIB_H 1
#define HAVE_MALLOC 1
#define HAVE_STDLIB_H 1
#define HAVE_UNISTD_H 1
#define HAVE_GETPAGESIZE 1
#define HAVE_MMAP 1
#define HAVE_STDLIB_H 1
#define HAVE_REALLOC 1
#define HAVE_SYS_SELECT_H 1
#define HAVE_SYS_SOCKET_H 1
#define SELECT_TYPE_ARG1 int
#define SELECT_TYPE_ARG234 (fd_set *)
#define SELECT_TYPE_ARG5 (struct timeval *)
#define RETSIGTYPE void
#define HAVE_VPRINTF 1
#define HAVE_ATEXIT 1
#define HAVE_BZERO 1
#define HAVE_GETPAGESIZE 1
#define HAVE_GETTIMEOFDAY 1
#define HAVE_MEMMOVE 1
#define HAVE_MEMSET 1
#define HAVE_MUNMAP 1
#define HAVE_SELECT 1
#define HAVE_SETLOCALE 1
#define HAVE_SOCKET 1
#define HAVE_SQRT 1
#define HAVE_STRCASECMP 1
#define HAVE_STRCHR 1
#define HAVE_STRDUP 1
#define HAVE_STRERROR 1
#define HAVE_STRSPN 1
#define HAVE_STRTOL 1
#define HAVE_STRTOUL 1

configure: exit 0
